# JRE version: OpenJDK Runtime Environment Zulu15.40+19-CA (15.0.7+4) (build 15.0.7+4-MTS)
# Java VM: OpenJDK 64-Bit Server VM Zulu15.40+19-CA (15.0.7+4-MTS, mixed mode, tiered, compressed oops, g1 gc, bsd-aarch64)
GC Precious Log:
 CPUs: 8 total, 8 available
 Memory: 16384M
 Large Page Support: Disabled
 NUMA Support: Disabled
 Compressed Oops: Enabled (Zero based)
 Heap Region Size: 1M
 Heap Min Capacity: 8M
 Heap Initial Capacity: 256M
 Heap Max Capacity: 512M
 Pre-touch: Disabled
 Parallel Workers: 8
 Concurrent Workers: 2
 Concurrent Refinement Workers: 8
 Periodic GC: Disabled
Heap:
 garbage-first heap   total 70656K, used 57572K [0x00000007a0000000, 0x00000007c0000000)
  region size 1024K, 38 young (38912K), 3 survivors (3072K)
 Metaspace       used 37383K, capacity 37812K, committed 37888K, reserved 1083392K
  class space    used 4188K, capacity 4345K, committed 4352K, reserved 1048576K
GC Heap History (20 events):
Event: 0.539 GC heap before
{Heap before GC invocations=2 (full 0):
 garbage-first heap   total 262144K, used 57529K [0x00000007a0000000, 0x00000007c0000000)
  region size 1024K, 44 young (45056K), 2 survivors (2048K)
 Metaspace       used 16698K, capacity 17006K, committed 17280K, reserved 1064960K
  class space    used 1729K, capacity 1814K, committed 1920K, reserved 1048576K
}
Event: 0.541 GC heap after
{Heap after GC invocations=3 (full 0):
 garbage-first heap   total 262144K, used 15484K [0x00000007a0000000, 0x00000007c0000000)
  region size 1024K, 3 young (3072K), 3 survivors (3072K)
 Metaspace       used 16698K, capacity 17006K, committed 17280K, reserved 1064960K
  class space    used 1729K, capacity 1814K, committed 1920K, reserved 1048576K
}
Event: 0.765 GC heap before
{Heap before GC invocations=3 (full 0):
 garbage-first heap   total 262144K, used 88188K [0x00000007a0000000, 0x00000007c0000000)
  region size 1024K, 75 young (76800K), 3 survivors (3072K)
 Metaspace       used 20840K, capacity 21172K, committed 21248K, reserved 1069056K
  class space    used 2199K, capacity 2281K, committed 2304K, reserved 1048576K
}
Event: 0.767 GC heap after
{Heap after GC invocations=4 (full 0):
 garbage-first heap   total 262144K, used 16568K [0x00000007a0000000, 0x00000007c0000000)
  region size 1024K, 4 young (4096K), 4 survivors (4096K)
 Metaspace       used 20840K, capacity 21172K, committed 21248K, reserved 1069056K
  class space    used 2199K, capacity 2281K, committed 2304K, reserved 1048576K
}
Event: 0.898 GC heap before
{Heap before GC invocations=5 (full 0):
 garbage-first heap   total 65536K, used 64696K [0x00000007a0000000, 0x00000007c0000000)
  region size 1024K, 51 young (52224K), 4 survivors (4096K)
 Metaspace       used 24204K, capacity 24525K, committed 24704K, reserved 1071104K
  class space    used 2556K, capacity 2673K, committed 2688K, reserved 1048576K
}
Event: 0.900 GC heap after
{Heap after GC invocations=6 (full 0):
 garbage-first heap   total 70656K, used 17541K [0x00000007a0000000, 0x00000007c0000000)
  region size 1024K, 5 young (5120K), 5 survivors (5120K)
 Metaspace       used 24204K, capacity 24525K, committed 24704K, reserved 1071104K
  class space    used 2556K, capacity 2673K, committed 2688K, reserved 1048576K
}
Event: 0.989 GC heap before
{Heap before GC invocations=6 (full 0):
 garbage-first heap   total 70656K, used 51333K [0x00000007a0000000, 0x00000007c0000000)
  region size 1024K, 38 young (38912K), 5 survivors (5120K)
 Metaspace       used 25951K, capacity 26273K, committed 26496K, reserved 1073152K
  class space    used 2780K, capacity 2873K, committed 2944K, reserved 1048576K
}
Event: 0.991 GC heap after
{Heap after GC invocations=7 (full 0):
 garbage-first heap   total 70656K, used 18086K [0x00000007a0000000, 0x00000007c0000000)
  region size 1024K, 3 young (3072K), 3 survivors (3072K)
 Metaspace       used 25951K, capacity 26273K, committed 26496K, reserved 1073152K
  class space    used 2780K, capacity 2873K, committed 2944K, reserved 1048576K
}
Event: 1.110 GC heap before
{Heap before GC invocations=7 (full 0):
 garbage-first heap   total 70656K, used 52902K [0x00000007a0000000, 0x00000007c0000000)
  region size 1024K, 37 young (37888K), 3 survivors (3072K)
 Metaspace       used 29218K, capacity 29609K, committed 29824K, reserved 1075200K
  class space    used 3203K, capacity 3343K, committed 3456K, reserved 1048576K
}
Event: 1.112 GC heap after
{Heap after GC invocations=8 (full 0):
 garbage-first heap   total 70656K, used 19045K [0x00000007a0000000, 0x00000007c0000000)
  region size 1024K, 4 young (4096K), 4 survivors (4096K)
 Metaspace       used 29218K, capacity 29609K, committed 29824K, reserved 1075200K
  class space    used 3203K, capacity 3343K, committed 3456K, reserved 1048576K
}
Event: 1.168 GC heap before
{Heap before GC invocations=8 (full 0):
 garbage-first heap   total 70656K, used 52837K [0x00000007a0000000, 0x00000007c0000000)
  region size 1024K, 38 young (38912K), 4 survivors (4096K)
 Metaspace       used 30767K, capacity 31180K, committed 31488K, reserved 1077248K
  class space    used 3368K, capacity 3504K, committed 3584K, reserved 1048576K
}
Event: 1.170 GC heap after
{Heap after GC invocations=9 (full 0):
 garbage-first heap   total 70656K, used 19469K [0x00000007a0000000, 0x00000007c0000000)
  region size 1024K, 4 young (4096K), 4 survivors (4096K)
 Metaspace       used 30767K, capacity 31180K, committed 31488K, reserved 1077248K
  class space    used 3368K, capacity 3504K, committed 3584K, reserved 1048576K
}
Event: 1.217 GC heap before
{Heap before GC invocations=9 (full 0):
 garbage-first heap   total 70656K, used 54285K [0x00000007a0000000, 0x00000007c0000000)
  region size 1024K, 38 young (38912K), 4 survivors (4096K)
 Metaspace       used 32349K, capacity 32830K, committed 33024K, reserved 1079296K
  class space    used 3577K, capacity 3731K, committed 3840K, reserved 1048576K
}
Event: 1.219 GC heap after
{Heap after GC invocations=10 (full 0):
 garbage-first heap   total 70656K, used 19705K [0x00000007a0000000, 0x00000007c0000000)
  region size 1024K, 3 young (3072K), 3 survivors (3072K)
 Metaspace       used 32349K, capacity 32830K, committed 33024K, reserved 1079296K
  class space    used 3577K, capacity 3731K, committed 3840K, reserved 1048576K
}
Event: 1.269 GC heap before
{Heap before GC invocations=10 (full 0):
 garbage-first heap   total 70656K, used 55545K [0x00000007a0000000, 0x00000007c0000000)
  region size 1024K, 38 young (38912K), 3 survivors (3072K)
 Metaspace       used 34202K, capacity 34628K, committed 34816K, reserved 1079296K
  class space    used 3858K, capacity 3988K, committed 4096K, reserved 1048576K
}
Event: 1.271 GC heap after
{Heap after GC invocations=11 (full 0):
 garbage-first heap   total 70656K, used 20266K [0x00000007a0000000, 0x00000007c0000000)
  region size 1024K, 3 young (3072K), 3 survivors (3072K)
 Metaspace       used 34202K, capacity 34628K, committed 34816K, reserved 1079296K
  class space    used 3858K, capacity 3988K, committed 4096K, reserved 1048576K
}
Event: 1.302 GC heap before
{Heap before GC invocations=11 (full 0):
 garbage-first heap   total 70656K, used 37674K [0x00000007a0000000, 0x00000007c0000000)
  region size 1024K, 21 young (21504K), 3 survivors (3072K)
 Metaspace       used 34987K, capacity 35371K, committed 35584K, reserved 1081344K
  class space    used 3961K, capacity 4086K, committed 4096K, reserved 1048576K
}
Event: 1.303 GC heap after
{Heap after GC invocations=12 (full 0):
 garbage-first heap   total 70656K, used 20934K [0x00000007a0000000, 0x00000007c0000000)
  region size 1024K, 3 young (3072K), 3 survivors (3072K)
 Metaspace       used 34987K, capacity 35371K, committed 35584K, reserved 1081344K
  class space    used 3961K, capacity 4086K, committed 4096K, reserved 1048576K
}
Event: 1.363 GC heap before
{Heap before GC invocations=13 (full 0):
 garbage-first heap   total 70656K, used 56774K [0x00000007a0000000, 0x00000007c0000000)
  region size 1024K, 39 young (39936K), 3 survivors (3072K)
 Metaspace       used 36350K, capacity 36750K, committed 36864K, reserved 1081344K
  class space    used 4095K, capacity 4247K, committed 4352K, reserved 1048576K
}
Event: 1.364 GC heap after
{Heap after GC invocations=14 (full 0):
 garbage-first heap   total 70656K, used 21732K [0x00000007a0000000, 0x00000007c0000000)
  region size 1024K, 3 young (3072K), 3 survivors (3072K)
 Metaspace       used 36350K, capacity 36750K, committed 36864K, reserved 1081344K
  class space    used 4095K, capacity 4247K, committed 4352K, reserved 1048576K
}

