# JRE version: OpenJDK Runtime Environment Zulu15.40+19-CA (15.0.7+4) (build 15.0.7+4-MTS)
# Java VM: OpenJDK 64-Bit Server VM Zulu15.40+19-CA (15.0.7+4-MTS, mixed mode, tiered, compressed oops, g1 gc, bsd-aarch64)
GC Precious Log:
 CPUs: 8 total, 8 available
 Memory: 16384M
 Large Page Support: Disabled
 NUMA Support: Disabled
 Compressed Oops: Enabled (Zero based)
 Heap Region Size: 1M
 Heap Min Capacity: 8M
 Heap Initial Capacity: 256M
 Heap Max Capacity: 512M
 Pre-touch: Disabled
 Parallel Workers: 8
 Concurrent Workers: 2
 Concurrent Refinement Workers: 8
 Periodic GC: Disabled
Heap:
 garbage-first heap   total 66560K, used 34507K [0x00000007a0000000, 0x00000007c0000000)
  region size 1024K, 21 young (21504K), 4 survivors (4096K)
 Metaspace       used 30537K, capacity 30998K, committed 31216K, reserved 1077248K
  class space    used 3336K, capacity 3467K, committed 3568K, reserved 1048576K
GC Heap History (16 events):
Event: 0.492 GC heap before
{Heap before GC invocations=0 (full 0):
 garbage-first heap   total 262144K, used 24576K [0x00000007a0000000, 0x00000007c0000000)
  region size 1024K, 23 young (23552K), 0 survivors (0K)
 Metaspace       used 9366K, capacity 9559K, committed 9728K, reserved 1058816K
  class space    used 851K, capacity 925K, committed 1024K, reserved 1048576K
}
Event: 0.494 GC heap after
{Heap after GC invocations=1 (full 0):
 garbage-first heap   total 262144K, used 12571K [0x00000007a0000000, 0x00000007c0000000)
  region size 1024K, 3 young (3072K), 3 survivors (3072K)
 Metaspace       used 9366K, capacity 9559K, committed 9728K, reserved 1058816K
  class space    used 851K, capacity 925K, committed 1024K, reserved 1048576K
}
Event: 0.637 GC heap before
{Heap before GC invocations=1 (full 0):
 garbage-first heap   total 262144K, used 36123K [0x00000007a0000000, 0x00000007c0000000)
  region size 1024K, 26 young (26624K), 3 survivors (3072K)
 Metaspace       used 13453K, capacity 13730K, committed 14080K, reserved 1062912K
  class space    used 1326K, capacity 1433K, committed 1536K, reserved 1048576K
}
Event: 0.639 GC heap after
{Heap after GC invocations=2 (full 0):
 garbage-first heap   total 262144K, used 14107K [0x00000007a0000000, 0x00000007c0000000)
  region size 1024K, 2 young (2048K), 2 survivors (2048K)
 Metaspace       used 13453K, capacity 13730K, committed 14080K, reserved 1062912K
  class space    used 1326K, capacity 1433K, committed 1536K, reserved 1048576K
}
Event: 0.794 GC heap before
{Heap before GC invocations=2 (full 0):
 garbage-first heap   total 262144K, used 57115K [0x00000007a0000000, 0x00000007c0000000)
  region size 1024K, 44 young (45056K), 2 survivors (2048K)
 Metaspace       used 16661K, capacity 17032K, committed 17280K, reserved 1064960K
  class space    used 1739K, capacity 1846K, committed 1920K, reserved 1048576K
}
Event: 0.796 GC heap after
{Heap after GC invocations=3 (full 0):
 garbage-first heap   total 262144K, used 15045K [0x00000007a0000000, 0x00000007c0000000)
  region size 1024K, 3 young (3072K), 3 survivors (3072K)
 Metaspace       used 16661K, capacity 17032K, committed 17280K, reserved 1064960K
  class space    used 1739K, capacity 1846K, committed 1920K, reserved 1048576K
}
Event: 1.035 GC heap before
{Heap before GC invocations=3 (full 0):
 garbage-first heap   total 262144K, used 91845K [0x00000007a0000000, 0x00000007c0000000)
  region size 1024K, 79 young (80896K), 3 survivors (3072K)
 Metaspace       used 20911K, capacity 21218K, committed 21248K, reserved 1069056K
  class space    used 2200K, capacity 2278K, committed 2304K, reserved 1048576K
}
Event: 1.037 GC heap after
{Heap after GC invocations=4 (full 0):
 garbage-first heap   total 262144K, used 16070K [0x00000007a0000000, 0x00000007c0000000)
  region size 1024K, 4 young (4096K), 4 survivors (4096K)
 Metaspace       used 20911K, capacity 21218K, committed 21248K, reserved 1069056K
  class space    used 2200K, capacity 2278K, committed 2304K, reserved 1048576K
}
Event: 1.157 GC heap before
{Heap before GC invocations=5 (full 0):
 garbage-first heap   total 61440K, used 60102K [0x00000007a0000000, 0x00000007c0000000)
  region size 1024K, 47 young (48128K), 4 survivors (4096K)
 Metaspace       used 23822K, capacity 24181K, committed 24432K, reserved 1071104K
  class space    used 2511K, capacity 2604K, committed 2672K, reserved 1048576K
}
Event: 1.159 GC heap after
{Heap after GC invocations=6 (full 0):
 garbage-first heap   total 66560K, used 16839K [0x00000007a0000000, 0x00000007c0000000)
  region size 1024K, 5 young (5120K), 5 survivors (5120K)
 Metaspace       used 23822K, capacity 24181K, committed 24432K, reserved 1071104K
  class space    used 2511K, capacity 2604K, committed 2672K, reserved 1048576K
}
Event: 1.240 GC heap before
{Heap before GC invocations=6 (full 0):
 garbage-first heap   total 66560K, used 46535K [0x00000007a0000000, 0x00000007c0000000)
  region size 1024K, 34 young (34816K), 5 survivors (5120K)
 Metaspace       used 25366K, capacity 25736K, committed 25968K, reserved 1073152K
  class space    used 2706K, capacity 2802K, committed 2928K, reserved 1048576K
}
Event: 1.243 GC heap after
{Heap after GC invocations=7 (full 0):
 garbage-first heap   total 66560K, used 17470K [0x00000007a0000000, 0x00000007c0000000)
  region size 1024K, 3 young (3072K), 3 survivors (3072K)
 Metaspace       used 25366K, capacity 25736K, committed 25968K, reserved 1073152K
  class space    used 2706K, capacity 2802K, committed 2928K, reserved 1048576K
}
Event: 1.353 GC heap before
{Heap before GC invocations=7 (full 0):
 garbage-first heap   total 66560K, used 48190K [0x00000007a0000000, 0x00000007c0000000)
  region size 1024K, 33 young (33792K), 3 survivors (3072K)
 Metaspace       used 28428K, capacity 28883K, committed 29168K, reserved 1075200K
  class space    used 3081K, capacity 3210K, committed 3312K, reserved 1048576K
}
Event: 1.355 GC heap after
{Heap after GC invocations=8 (full 0):
 garbage-first heap   total 66560K, used 18121K [0x00000007a0000000, 0x00000007c0000000)
  region size 1024K, 4 young (4096K), 4 survivors (4096K)
 Metaspace       used 28428K, capacity 28883K, committed 29168K, reserved 1075200K
  class space    used 3081K, capacity 3210K, committed 3312K, reserved 1048576K
}
Event: 1.435 GC heap before
{Heap before GC invocations=8 (full 0):
 garbage-first heap   total 66560K, used 48841K [0x00000007a0000000, 0x00000007c0000000)
  region size 1024K, 34 young (34816K), 4 survivors (4096K)
 Metaspace       used 29766K, capacity 30166K, committed 30320K, reserved 1077248K
  class space    used 3250K, capacity 3403K, committed 3440K, reserved 1048576K
}
Event: 1.437 GC heap after
{Heap after GC invocations=9 (full 0):
 garbage-first heap   total 66560K, used 19147K [0x00000007a0000000, 0x00000007c0000000)
  region size 1024K, 4 young (4096K), 4 survivors (4096K)
 Metaspace       used 29766K, capacity 30166K, committed 30320K, reserved 1077248K
  class space    used 3250K, capacity 3403K, committed 3440K, reserved 1048576K
}

